[2026-06-13T22:13:05.726Z] GET http://localhost:8000/br → pending (?ms, ?B)
[2026-06-13T22:13:07.344Z] GET http://localhost:8000/_next/static/media/9e9f04e3c37952ab-s.p.4d24b8e7.woff2 → 200 (233ms, 12004B)
[2026-06-13T22:13:07.345Z] GET http://localhost:8000/_next/static/media/c47649aa31f9e140-s.p.7e59dfd6.woff2 → 200 (230ms, 34664B)
[2026-06-13T22:13:07.346Z] GET http://localhost:8000/_next/static/chunks/%5Broot-of-the-server%5D__370c4b07._.css → 200 (24ms, 12758B)
[2026-06-13T22:13:07.346Z] GET http://localhost:8000/lucio-png-2.png → 200 (24ms, 123595B)
[2026-06-13T22:13:07.346Z] GET http://localhost:8000/chevette-novo-2.png → 200 (231ms, 525016B)
[2026-06-13T22:13:07.346Z] GET http://localhost:8000/bmw-nova-2.png → 200 (232ms, 417945B)
[2026-06-13T22:13:07.346Z] GET http://localhost:8000/kitnagulo-png.png → 200 (238ms, 1087366B)
[2026-06-13T22:13:07.346Z] GET http://localhost:8000/susp-png.png → 200 (233ms, 2231788B)
[2026-06-13T22:13:07.346Z] GET http://localhost:8000/cambio-png.png → 200 (233ms, 605930B)
[2026-06-13T22:13:07.347Z] GET http://localhost:8000/pecas-png.png → 200 (237ms, 2927319B)
[2026-06-13T22:13:07.347Z] GET http://localhost:8000/vestuario-png.png → 200 (237ms, 220340B)
[2026-06-13T22:13:07.347Z] GET https://images.unsplash.com/photo-1547245324-d777c6f05e80?w=600&h=600&fit=crop → 200 (243ms, 58620B)
[2026-06-13T22:13:07.348Z] GET https://images.unsplash.com/photo-1612544448445-b8232cff3b6c?w=600&h=600&fit=crop → 200 (241ms, 51694B)
[2026-06-13T22:13:07.348Z] GET http://localhost:8000/_next/static/chunks/%5Bturbopack%5D_browser_dev_hmr-client_hmr-client_ts_4e3b0bdd._.js → 200 (245ms, 671B)
[2026-06-13T22:13:07.350Z] GET http://localhost:8000/_next/static/chunks/node_modules_next_dist_compiled_react-dom_1e674e59._.js → 200 (308ms, 156710B)
[2026-06-13T22:13:07.350Z] GET http://localhost:8000/_next/static/chunks/node_modules_next_dist_compiled_next-devtools_index_a9cb0712.js → 200 (367ms, 267663B)
[2026-06-13T22:13:07.352Z] GET http://localhost:8000/_next/static/chunks/node_modules_next_dist_compiled_5150ccfd._.js → 200 (243ms, 50200B)
[2026-06-13T22:13:07.353Z] GET http://localhost:8000/_next/static/chunks/node_modules_next_dist_client_cf1d9188._.js → 200 (242ms, 91573B)
[2026-06-13T22:13:07.353Z] GET http://localhost:8000/_next/static/chunks/node_modules_next_dist_b0daae9a._.js → 200 (288ms, 32770B)
[2026-06-13T22:13:07.353Z] GET http://localhost:8000/_next/static/chunks/4e2c9_%40swc_helpers_cjs_2b52ba32._.js → 200 (308ms, 998B)
[2026-06-13T22:13:07.353Z] GET http://localhost:8000/_next/static/chunks/apps_storefront_a0ff3932._.js → 200 (306ms, 684B)
[2026-06-13T22:13:07.353Z] GET http://localhost:8000/_next/static/chunks/turbopack-apps_storefront_3fb52da9._.js → 200 (308ms, 18198B)
[2026-06-13T22:13:07.354Z] GET http://localhost:8000/_next/static/chunks/node_modules_next_dist_8db7fb1f._.js → 200 (320ms, 21801B)
[2026-06-13T22:13:07.360Z] GET http://localhost:8000/_next/static/chunks/apps_storefront_src_app_twitter-image_jpg_mjs_0dbe45ed._.js → 200 (301ms, 262B)
[2026-06-13T22:13:07.360Z] GET http://localhost:8000/_next/static/chunks/apps_storefront_src_app_layout_tsx_f8182b1e._.js → 200 (302ms, 262B)
[2026-06-13T22:13:07.360Z] GET http://localhost:8000/_next/static/chunks/node_modules_next_dist_02409dcd._.js → 200 (316ms, 9230B)
[2026-06-13T22:13:07.360Z] GET http://localhost:8000/_next/static/chunks/apps_storefront_src_app_not-found_tsx_7b447206._.js → 200 (314ms, 262B)
[2026-06-13T22:13:07.360Z] GET http://localhost:8000/_next/static/chunks/node_modules_next_dist_client_components_builtin_global-error_7b447206.js → 200 (314ms, 206B)
[2026-06-13T22:13:07.360Z] GET http://localhost:8000/_next/static/chunks/apps_storefront_src_9f3733b9._.js → 200 (334ms, 24580B)
[2026-06-13T22:13:07.360Z] GET http://localhost:8000/_next/static/chunks/node_modules_6adb04f1._.js → 200 (494ms, 166729B)
[2026-06-13T22:13:07.366Z] GET http://localhost:8000/_next/static/chunks/apps_storefront_src_app_%5BcountryCode%5D_(main)_layout_tsx_7b447206._.js → 200 (311ms, 305B)
[2026-06-13T22:13:07.367Z] GET http://localhost:8000/_next/static/chunks/apps_storefront_src_modules_home_components_hero_index_tsx_448b384c._.js → 200 (339ms, 9839B)
[2026-06-13T22:13:07.367Z] GET http://localhost:8000/_next/static/chunks/apps_storefront_src_app_%5BcountryCode%5D_(main)_page_tsx_7a692090._.js → 200 (326ms, 298B)
[2026-06-13T22:13:07.368Z] GET https://images.unsplash.com/photo-1558618666-fcd25c85cd64?w=600&h=600&fit=crop → 200 (221ms, 55135B)
[2026-06-13T22:13:07.368Z] GET https://images.unsplash.com/photo-1568605117036-5fe5e7bab0b7?w=600&h=600&fit=crop → 200 (221ms, 97056B)
[2026-06-13T22:13:07.368Z] GET http://localhost:8000/logo-powerover.png → 200 (340ms, 45398B)
[2026-06-13T22:13:07.368Z] GET http://localhost:8000/logo-po.png → 200 (2ms, 142148B)
[2026-06-13T22:13:07.963Z] GET http://localhost:8000/_next/static/chunks/%5Bturbopack%5D_browser_dev_hmr-client_hmr-client_ts_c8c997ce._.js → 200 (48ms, 4034B)
[2026-06-13T22:13:07.963Z] GET http://localhost:8000/_next/static/chunks/%5Bturbopack%5D_browser_dev_hmr-client_hmr-client_ts_7c38eb99._.js → 200 (39ms, 288B)
[2026-06-13T22:26:34.175Z] GET http://localhost:8000/lado-esquerdo.png → 200 (529ms, ?B)
[2026-06-13T22:26:34.194Z] GET http://localhost:8000/lado-direito.png → 200 (522ms, ?B)
[2026-06-13T22:26:34.195Z] GET http://localhost:8000/lucio-piloto.png → pending (?ms, ?B)
[2026-06-13T22:26:51.568Z] GET http://localhost:8000/_next/static/chunks/%5Broot-of-the-server%5D__370c4b07._.css → 200 (185ms, 12758B)
[2026-06-13T22:30:27.611Z] GET http://localhost:8000/lucio-piloto.png → pending (?ms, ?B)
[2026-06-13T22:37:08.179Z] GET http://localhost:8000/chevete-isolado.png → pending (?ms, ?B)
[2026-06-13T22:37:08.182Z] GET http://localhost:8000/bmw-isolada.png → 200 (681ms, ?B)
[2026-06-13T22:38:54.940Z] GET http://localhost:8000/chevete-isolado.png → pending (?ms, ?B)
[2026-06-13T22:40:37.842Z] GET http://localhost:8000/chevette-isolado.png → 200 (111ms, ?B)
