[2026-06-13T22:13:07.771Z] [info] %cDownload the React DevTools for a better development experience: https://react.dev/link/react-devtools font-weight:bold
[2026-06-13T22:13:07.842Z] [debug] %c%s%c Performing request to:
 background: #e6e6e6;background: light-dark(rgba(0,0,0,0.1), rgba(255,255,255,0.25));color: #000000;color: light-dark(#000000, #ffffff);border-radius: 2px  Server   URL: http://localhost:9000/store/customers/me?fields=%2Aorders
 Headers: {
  "accept": "application/json",
  "content-type": "application/json",
  "x-publishable-api-key": "pk_02b87bdb2589e2c9e379497fcd7d7f0165d6e08237e30a9ddb36a6646f6f77ef",
  "authorization": "<REDACTED>"
}

[2026-06-13T22:13:07.842Z] [debug] %c%s%c Received response with status 401
 background: #e6e6e6;background: light-dark(rgba(0,0,0,0.1), rgba(255,255,255,0.25));color: #000000;color: light-dark(#000000, #ffffff);border-radius: 2px  Server  
[2026-06-13T22:13:07.843Z] [debug] %c%s%c Performing request to:
 background: #e6e6e6;background: light-dark(rgba(0,0,0,0.1), rgba(255,255,255,0.25));color: #000000;color: light-dark(#000000, #ffffff);border-radius: 2px  Server   URL: http://localhost:9000/store/collections?fields=%2Aproducts&limit=100&offset=0
 Headers: {
  "accept": "application/json",
  "content-type": "application/json",
  "x-publishable-api-key": "pk_02b87bdb2589e2c9e379497fcd7d7f0165d6e08237e30a9ddb36a6646f6f77ef",
  "authorization": "<REDACTED>"
}

[2026-06-13T22:13:07.843Z] [debug] %c%s%c Received response with status 200
 background: #e6e6e6;background: light-dark(rgba(0,0,0,0.1), rgba(255,255,255,0.25));color: #000000;color: light-dark(#000000, #ffffff);border-radius: 2px  Server  
[2026-06-13T22:13:07.843Z] [debug] %c%s%c Performing request to:
 background: #e6e6e6;background: light-dark(rgba(0,0,0,0.1), rgba(255,255,255,0.25));color: #000000;color: light-dark(#000000, #ffffff);border-radius: 2px  Server   URL: http://localhost:9000/store/product-categories?fields=%2Acategory_children%2C%20%2Aproducts%2C%20%2Aparent_category%2C%20%2Aparent_category.parent_category&limit=100
 Headers: {
  "accept": "application/json",
  "content-type": "application/json",
  "x-publishable-api-key": "pk_02b87bdb2589e2c9e379497fcd7d7f0165d6e08237e30a9ddb36a6646f6f77ef",
  "authorization": "<REDACTED>"
}

[2026-06-13T22:13:07.843Z] [debug] %c%s%c Received response with status 200
 background: #e6e6e6;background: light-dark(rgba(0,0,0,0.1), rgba(255,255,255,0.25));color: #000000;color: light-dark(#000000, #ffffff);border-radius: 2px  Server  
[2026-06-13T22:13:08.147Z] [log] [Fast Refresh] rebuilding
[2026-06-13T22:13:08.611Z] [log] [Fast Refresh] done in 547ms
[2026-06-13T22:23:03.381Z] [log] [Fast Refresh] rebuilding
[2026-06-13T22:23:03.404Z] [log] [Fast Refresh] done in 217ms
[2026-06-13T22:26:33.157Z] [log] [Fast Refresh] rebuilding
[2026-06-13T22:26:34.203Z] [log] [Fast Refresh] done in 826ms
[2026-06-13T22:26:34.891Z] [log] [Fast Refresh] rebuilding
[2026-06-13T22:26:34.954Z] [log] [Fast Refresh] done in 174ms
[2026-06-13T22:26:54.771Z] [warning] The resource http://localhost:8000/_next/static/chunks/%5Broot-of-the-server%5D__370c4b07._.css was preloaded using link preload but not used within a few seconds from the window's load event. Please make sure it has an appropriate `as` value and it is preloaded intentionally.
[2026-06-13T22:26:54.780Z] [log] [Fast Refresh] rebuilding
[2026-06-13T22:26:54.912Z] [log] [Fast Refresh] done in 234ms
[2026-06-13T22:29:35.061Z] [log] [Fast Refresh] rebuilding
[2026-06-13T22:29:35.062Z] [log] [Fast Refresh] done in 117ms
[2026-06-13T22:30:26.630Z] [log] [Fast Refresh] rebuilding
[2026-06-13T22:30:27.631Z] [log] [Fast Refresh] done in 718ms
[2026-06-13T22:30:44.226Z] [warning] The resource http://localhost:8000/_next/static/chunks/%5Broot-of-the-server%5D__370c4b07._.css was preloaded using link preload but not used within a few seconds from the window's load event. Please make sure it has an appropriate `as` value and it is preloaded intentionally.
[2026-06-13T22:30:46.046Z] [log] [Fast Refresh] rebuilding
[2026-06-13T22:30:46.070Z] [log] [Fast Refresh] done in 176ms
[2026-06-13T22:30:47.476Z] [log] [Fast Refresh] rebuilding
[2026-06-13T22:30:48.328Z] [log] [Fast Refresh] done in 938ms
[2026-06-13T22:31:21.942Z] [log] [Fast Refresh] rebuilding
[2026-06-13T22:31:21.955Z] [log] [Fast Refresh] done in 127ms
[2026-06-13T22:31:52.411Z] [log] [Fast Refresh] rebuilding
[2026-06-13T22:31:53.040Z] [log] [Fast Refresh] done in 775ms
[2026-06-13T22:35:21.504Z] [log] [Fast Refresh] rebuilding
[2026-06-13T22:35:21.640Z] [log] [Fast Refresh] done in 317ms
[2026-06-13T22:35:47.062Z] [log] [Fast Refresh] rebuilding
[2026-06-13T22:35:49.258Z] [log] [Fast Refresh] done in 1806ms
[2026-06-13T22:35:57.861Z] [log] [Fast Refresh] rebuilding
[2026-06-13T22:36:00.044Z] [log] [Fast Refresh] done in 2263ms
[2026-06-13T22:36:06.208Z] [log] [Fast Refresh] rebuilding
[2026-06-13T22:36:06.742Z] [log] [Fast Refresh] done in 506ms
[2026-06-13T22:37:07.017Z] [log] [Fast Refresh] rebuilding
[2026-06-13T22:37:08.182Z] [log] [Fast Refresh] done in 967ms
[2026-06-13T22:37:09.135Z] [log] [Fast Refresh] rebuilding
[2026-06-13T22:37:09.254Z] [log] [Fast Refresh] done in 225ms
[2026-06-13T22:37:41.310Z] [log] [Fast Refresh] rebuilding
[2026-06-13T22:37:41.315Z] [log] [Fast Refresh] done in 122ms
[2026-06-13T22:37:43.298Z] [warning] The resource http://localhost:8000/_next/static/chunks/%5Broot-of-the-server%5D__370c4b07._.css was preloaded using link preload but not used within a few seconds from the window's load event. Please make sure it has an appropriate `as` value and it is preloaded intentionally.
[2026-06-13T22:38:53.623Z] [log] [Fast Refresh] rebuilding
[2026-06-13T22:38:54.944Z] [log] [Fast Refresh] done in 1046ms
[2026-06-13T22:38:55.460Z] [log] [Fast Refresh] rebuilding
[2026-06-13T22:38:55.580Z] [log] [Fast Refresh] done in 246ms
[2026-06-13T22:39:23.476Z] [warning] The resource http://localhost:8000/_next/static/chunks/%5Broot-of-the-server%5D__370c4b07._.css was preloaded using link preload but not used within a few seconds from the window's load event. Please make sure it has an appropriate `as` value and it is preloaded intentionally.
[2026-06-13T22:40:05.293Z] [log] [Fast Refresh] rebuilding
[2026-06-13T22:40:09.643Z] [log] [Fast Refresh] done in 5085ms
[2026-06-13T22:40:10.123Z] [log] [Fast Refresh] rebuilding
[2026-06-13T22:40:10.163Z] [log] [Fast Refresh] done in 134ms
[2026-06-13T22:40:31.751Z] [log] [Fast Refresh] rebuilding
[2026-06-13T22:40:31.751Z] [log] [Fast Refresh] done in 207ms
[2026-06-13T22:40:33.500Z] [log] [Fast Refresh] rebuilding
[2026-06-13T22:40:36.586Z] [log] [Fast Refresh] done in 3685ms
[2026-06-13T22:40:41.889Z] [warning] The resource http://localhost:8000/_next/static/chunks/%5Broot-of-the-server%5D__370c4b07._.css was preloaded using link preload but not used within a few seconds from the window's load event. Please make sure it has an appropriate `as` value and it is preloaded intentionally.
[2026-06-13T22:41:06.602Z] [log] [Fast Refresh] rebuilding
[2026-06-13T22:41:06.602Z] [log] [Fast Refresh] done in 129ms
[2026-06-13T22:41:33.785Z] [log] [Fast Refresh] rebuilding
[2026-06-13T22:41:34.307Z] [log] [Fast Refresh] done in 914ms
[2026-06-13T22:42:29.021Z] [log] [Fast Refresh] rebuilding
[2026-06-13T22:42:29.160Z] [log] [Fast Refresh] done in 380ms
